<?xml version="1.0" encoding="UTF-8"?>
<!-- Generated by org.testng.reporters.JUnitReportReporter -->
<testsuite skipped="0" hostname="DESKTOP-U264VTT" name="TestClasses.TC04_Login" tests="1" failures="0" timestamp="2022-07-22T09:33:21 IST" time="9.206" errors="0">
  <testcase name="tc01" time="9.206" classname="TestClasses.TC04_Login"/>
  <system-out/>
</testsuite> <!-- TestClasses.TC04_Login -->
